Jan 21 22:06 : player: played "this-is-epica/Epica - Cry for the Moon (The Embrace That Smothers , Pt. 4).mp3"
Jan 21 22:09 : player: played "this is symphonic metal/Dimmu Borgir - Gateways.mp3"
Jan 21 22:13 : player: played "this is symphonic metal/Dimmu Borgir - Gateways.mp3"
Jan 21 22:18 : player: played "this is symphonic metal/Dimmu Borgir - The Serpentine Offering.mp3"
Jan 21 22:23 : player: played "suicide silence/Suicide Silence - Fuck Everything.mp3"
Jan 21 22:27 : player: played "suicide silence/Suicide Silence - You Only Live Once.mp3"
Jan 21 22:31 : player: played "this-is-epica/Epica - Abyss of Time - Countdown to Singularity -.mp3"
Jun 25 17:21 : update: added /Dimmu Borgir - Gateways.mp3
Jun 25 17:21 : update: added /Dimmu Borgir - Interdimensional Summit.mp3
Jun 25 17:21 : update: added /Dimmu Borgir - Progenies of the Great Apocalypse.mp3
Jun 25 17:21 : update: added /Dimmu Borgir - The Serpentine Offering.mp3
Jun 25 17:21 : update: updating /Downfall.mp3
Jun 25 17:21 : update: added /Epica - Never Enough.mp3
Jun 25 17:21 : update: added /Faith No More - We Care a Lot.mp3
Jun 25 17:21 : update: updating /Faun - Diese kalte Nacht.mp3
Jun 25 17:21 : update: updating /Faun - Federkleid.mp3
Jun 25 17:21 : update: added /Faun - Tanz mit mir.mp3
Jun 25 17:21 : update: added /Fiction.mp3
Jun 25 17:21 : update: added /Finally Free.mp3
Jun 26 23:48 : player: played "Faun - Diese kalte Nacht.mp3"
Jun 26 23:51 : player: played "Suicide Silence - You Only Live Once.mp3"
Jun 26 23:57 : player: played "Afterlife.mp3"
Jun 27 00:02 : player: played "Unbound (The Wild Ride).mp3"
Jun 27 00:20 : player: played "Sum 41 - Pieces.mp3"
Jun 27 00:25 : player: played "Cradle Of Filth The Death Of Love (Full Version) (320kbps).mp3"
Jun 27 01:21 : player: played "Blame Me! - Musket Fire.mp3"
Jun 27 01:25 : player: played "Blame Me! - Musket Fire.mp3"
Jun 27 01:30 : player: played "Epica - Never Enough.mp3"
Jun 27 01:35 : player: played "Aerosmith - I Don't Want to Miss a Thing - From 'Armageddon' Soundtrack.mp3"
Jun 27 01:39 : player: played "Týr - Nation.mp3"
Jun 27 01:43 : player: played "Bed Of Razors.mp3"
Jun 27 01:48 : player: played "Crimson Day.mp3"
Jun 27 01:56 : player: played "A Little Piece of Heaven.mp3"
Jun 27 02:03 : player: played "M.I.A..mp3"
Jun 27 02:03 : exception: Not playing
Jun 27 02:08 : player: played "Hail to The King.mp3"
Jun 27 02:13 : player: played "Epica - Never Enough.mp3"
Jun 27 02:17 : player: played "Bed Of Razors.mp3"
Jun 27 02:22 : player: played "Tonight the World Dies.mp3"
